This file contains any messages produced by compilers while
running configure, to aid debugging if configure makes a mistake.

It was created by fedit2 configure 0.0.1, which was
generated by GNU Autoconf 2.69.  Invocation command line was

  $ ./configure CXXFLAGS=-std=c++03

## --------- ##
## Platform. ##
## --------- ##

hostname = deepin
uname -m = x86_64
uname -r = 4.14.0-deepin2-amd64
uname -s = Linux
uname -v = #1 SMP PREEMPT Deepin 4.14.12-2 (2018-01-06)

/usr/bin/uname -p = unknown
/bin/uname -X     = unknown

/bin/arch              = unknown
/usr/bin/arch -k       = unknown
/usr/convex/getsysinfo = unknown
/usr/bin/hostinfo      = unknown
/bin/machine           = unknown
/usr/bin/oslevel       = unknown
/bin/universe          = unknown

PATH: /usr/local/sbin
PATH: /usr/local/bin
PATH: /usr/sbin
PATH: /usr/bin
PATH: /sbin
PATH: /bin


## ----------- ##
## Core tests. ##
## ----------- ##

configure:2577: checking for a BSD-compatible install
configure:2645: result: /usr/bin/install -c
configure:2656: checking whether build environment is sane
configure:2711: result: yes
configure:2862: checking for a thread-safe mkdir -p
configure:2901: result: /bin/mkdir -p
configure:2908: checking for gawk
configure:2924: found /usr/bin/gawk
configure:2935: result: gawk
configure:2946: checking whether make sets $(MAKE)
configure:2968: result: yes
configure:2997: checking whether make supports nested variables
configure:3014: result: yes
configure:3212: checking for g++
configure:3228: found /usr/bin/g++
configure:3239: result: g++
configure:3266: checking for C++ compiler version
configure:3275: g++ --version >&5
g++ (Debian 6.4.0-2) 6.4.0 20170724
Copyright (C) 2017 Free Software Foundation, Inc.
This is free software; see the source for copying conditions.  There is NO
warranty; not even for MERCHANTABILITY or FITNESS FOR A PARTICULAR PURPOSE.

configure:3286: $? = 0
configure:3275: g++ -v >&5
Using built-in specs.
COLLECT_GCC=g++
COLLECT_LTO_WRAPPER=/usr/lib/gcc/x86_64-linux-gnu/6/lto-wrapper
Target: x86_64-linux-gnu
Configured with: ../src/configure -v --with-pkgversion='Debian 6.4.0-2' --with-bugurl=file:///usr/share/doc/gcc-6/README.Bugs --enable-languages=c,ada,c++,java,go,d,fortran,objc,obj-c++ --prefix=/usr --program-suffix=-6 --program-prefix=x86_64-linux-gnu- --enable-shared --enable-linker-build-id --libexecdir=/usr/lib --without-included-gettext --enable-threads=posix --libdir=/usr/lib --enable-nls --with-sysroot=/ --enable-clocale=gnu --enable-libstdcxx-debug --enable-libstdcxx-time=yes --with-default-libstdcxx-abi=new --enable-gnu-unique-object --disable-vtable-verify --enable-libmpx --enable-plugin --enable-default-pie --with-system-zlib --disable-browser-plugin --enable-java-awt=gtk --enable-gtk-cairo --with-java-home=/usr/lib/jvm/java-1.5.0-gcj-6-amd64/jre --enable-java-home --with-jvm-root-dir=/usr/lib/jvm/java-1.5.0-gcj-6-amd64 --with-jvm-jar-dir=/usr/lib/jvm-exports/java-1.5.0-gcj-6-amd64 --with-arch-directory=amd64 --with-ecj-jar=/usr/share/java/eclipse-ecj.jar --with-target-system-zlib --enable-objc-gc=auto --enable-multiarch --with-arch-32=i686 --with-abi=m64 --with-multilib-list=m32,m64,mx32 --enable-multilib --with-tune=generic --enable-checking=release --build=x86_64-linux-gnu --host=x86_64-linux-gnu --target=x86_64-linux-gnu
Thread model: posix
gcc version 6.4.0 20170724 (Debian 6.4.0-2) 
configure:3286: $? = 0
configure:3275: g++ -V >&5
g++: error: unrecognized command line option '-V'
g++: fatal error: no input files
compilation terminated.
configure:3286: $? = 1
configure:3275: g++ -qversion >&5
g++: error: unrecognized command line option '-qversion'; did you mean '--version'?
g++: fatal error: no input files
compilation terminated.
configure:3286: $? = 1
configure:3306: checking whether the C++ compiler works
configure:3328: g++ -std=c++03   conftest.cpp  >&5
configure:3332: $? = 0
configure:3380: result: yes
configure:3383: checking for C++ compiler default output file name
configure:3385: result: a.out
configure:3391: checking for suffix of executables
configure:3398: g++ -o conftest -std=c++03   conftest.cpp  >&5
configure:3402: $? = 0
configure:3424: result: 
configure:3446: checking whether we are cross compiling
configure:3454: g++ -o conftest -std=c++03   conftest.cpp  >&5
configure:3458: $? = 0
configure:3465: ./conftest
configure:3469: $? = 0
configure:3484: result: no
configure:3489: checking for suffix of object files
configure:3511: g++ -c -std=c++03  conftest.cpp >&5
configure:3515: $? = 0
configure:3536: result: o
configure:3540: checking whether we are using the GNU C++ compiler
configure:3559: g++ -c -std=c++03  conftest.cpp >&5
configure:3559: $? = 0
configure:3568: result: yes
configure:3577: checking whether g++ accepts -g
configure:3597: g++ -c -g  conftest.cpp >&5
configure:3597: $? = 0
configure:3638: result: yes
configure:3672: checking for style of include used by make
configure:3700: result: GNU
configure:3726: checking dependency style of g++
configure:3837: result: gcc3
configure:3900: checking for gcc
configure:3916: found /usr/bin/gcc
configure:3927: result: gcc
configure:4156: checking for C compiler version
configure:4165: gcc --version >&5
gcc (Debian 6.4.0-2) 6.4.0 20170724
Copyright (C) 2017 Free Software Foundation, Inc.
This is free software; see the source for copying conditions.  There is NO
warranty; not even for MERCHANTABILITY or FITNESS FOR A PARTICULAR PURPOSE.

configure:4176: $? = 0
configure:4165: gcc -v >&5
Using built-in specs.
COLLECT_GCC=gcc
COLLECT_LTO_WRAPPER=/usr/lib/gcc/x86_64-linux-gnu/6/lto-wrapper
Target: x86_64-linux-gnu
Configured with: ../src/configure -v --with-pkgversion='Debian 6.4.0-2' --with-bugurl=file:///usr/share/doc/gcc-6/README.Bugs --enable-languages=c,ada,c++,java,go,d,fortran,objc,obj-c++ --prefix=/usr --program-suffix=-6 --program-prefix=x86_64-linux-gnu- --enable-shared --enable-linker-build-id --libexecdir=/usr/lib --without-included-gettext --enable-threads=posix --libdir=/usr/lib --enable-nls --with-sysroot=/ --enable-clocale=gnu --enable-libstdcxx-debug --enable-libstdcxx-time=yes --with-default-libstdcxx-abi=new --enable-gnu-unique-object --disable-vtable-verify --enable-libmpx --enable-plugin --enable-default-pie --with-system-zlib --disable-browser-plugin --enable-java-awt=gtk --enable-gtk-cairo --with-java-home=/usr/lib/jvm/java-1.5.0-gcj-6-amd64/jre --enable-java-home --with-jvm-root-dir=/usr/lib/jvm/java-1.5.0-gcj-6-amd64 --with-jvm-jar-dir=/usr/lib/jvm-exports/java-1.5.0-gcj-6-amd64 --with-arch-directory=amd64 --with-ecj-jar=/usr/share/java/eclipse-ecj.jar --with-target-system-zlib --enable-objc-gc=auto --enable-multiarch --with-arch-32=i686 --with-abi=m64 --with-multilib-list=m32,m64,mx32 --enable-multilib --with-tune=generic --enable-checking=release --build=x86_64-linux-gnu --host=x86_64-linux-gnu --target=x86_64-linux-gnu
Thread model: posix
gcc version 6.4.0 20170724 (Debian 6.4.0-2) 
configure:4176: $? = 0
configure:4165: gcc -V >&5
gcc: error: unrecognized command line option '-V'
gcc: fatal error: no input files
compilation terminated.
configure:4176: $? = 1
configure:4165: gcc -qversion >&5
gcc: error: unrecognized command line option '-qversion'; did you mean '--version'?
gcc: fatal error: no input files
compilation terminated.
configure:4176: $? = 1
configure:4180: checking whether we are using the GNU C compiler
configure:4199: gcc -c   conftest.c >&5
configure:4199: $? = 0
configure:4208: result: yes
configure:4217: checking whether gcc accepts -g
configure:4237: gcc -c -g  conftest.c >&5
configure:4237: $? = 0
configure:4278: result: yes
configure:4295: checking for gcc option to accept ISO C89
configure:4358: gcc  -c -g -O2  conftest.c >&5
configure:4358: $? = 0
configure:4371: result: none needed
configure:4396: checking whether gcc understands -c and -o together
configure:4418: gcc -c conftest.c -o conftest2.o
configure:4421: $? = 0
configure:4418: gcc -c conftest.c -o conftest2.o
configure:4421: $? = 0
configure:4433: result: yes
configure:4452: checking dependency style of gcc
configure:4563: result: gcc3
configure:4583: checking how to run the C preprocessor
configure:4614: gcc -E  conftest.c
configure:4614: $? = 0
configure:4628: gcc -E  conftest.c
conftest.c:11:28: fatal error: ac_nonexistent.h: No such file or directory
 #include <ac_nonexistent.h>
                            ^
compilation terminated.
configure:4628: $? = 1
configure: failed program was:
| /* confdefs.h */
| #define PACKAGE_NAME "fedit2"
| #define PACKAGE_TARNAME "fedit2"
| #define PACKAGE_VERSION "0.0.1"
| #define PACKAGE_STRING "fedit2 0.0.1"
| #define PACKAGE_BUGREPORT "akky@users.sourceforge.jp"
| #define PACKAGE_URL ""
| #define PACKAGE "fedit2"
| #define VERSION "0.0.1"
| /* end confdefs.h.  */
| #include <ac_nonexistent.h>
configure:4653: result: gcc -E
configure:4673: gcc -E  conftest.c
configure:4673: $? = 0
configure:4687: gcc -E  conftest.c
conftest.c:11:28: fatal error: ac_nonexistent.h: No such file or directory
 #include <ac_nonexistent.h>
                            ^
compilation terminated.
configure:4687: $? = 1
configure: failed program was:
| /* confdefs.h */
| #define PACKAGE_NAME "fedit2"
| #define PACKAGE_TARNAME "fedit2"
| #define PACKAGE_VERSION "0.0.1"
| #define PACKAGE_STRING "fedit2 0.0.1"
| #define PACKAGE_BUGREPORT "akky@users.sourceforge.jp"
| #define PACKAGE_URL ""
| #define PACKAGE "fedit2"
| #define VERSION "0.0.1"
| /* end confdefs.h.  */
| #include <ac_nonexistent.h>
configure:4716: checking whether ln -s works
configure:4720: result: yes
configure:4727: checking whether make sets $(MAKE)
configure:4749: result: yes
configure:4819: checking build system type
configure:4833: result: x86_64-pc-linux-gnu
configure:4853: checking host system type
configure:4866: result: x86_64-pc-linux-gnu
configure:4907: checking how to print strings
configure:4934: result: printf
configure:4955: checking for a sed that does not truncate output
configure:5019: result: /bin/sed
configure:5037: checking for grep that handles long lines and -e
configure:5095: result: /bin/grep
configure:5100: checking for egrep
configure:5162: result: /bin/grep -E
configure:5167: checking for fgrep
configure:5229: result: /bin/grep -F
configure:5264: checking for ld used by gcc
configure:5331: result: /usr/bin/ld
configure:5338: checking if the linker (/usr/bin/ld) is GNU ld
configure:5353: result: yes
configure:5365: checking for BSD- or MS-compatible name lister (nm)
configure:5419: result: /usr/bin/nm -B
configure:5549: checking the name lister (/usr/bin/nm -B) interface
configure:5556: g++ -c -std=c++03  conftest.cpp >&5
configure:5559: /usr/bin/nm -B "conftest.o"
configure:5562: output
0000000000000000 B some_variable
configure:5569: result: BSD nm
configure:5573: checking the maximum length of command line arguments
configure:5704: result: 1572864
configure:5752: checking how to convert x86_64-pc-linux-gnu file names to x86_64-pc-linux-gnu format
configure:5792: result: func_convert_file_noop
configure:5799: checking how to convert x86_64-pc-linux-gnu file names to toolchain format
configure:5819: result: func_convert_file_noop
configure:5826: checking for /usr/bin/ld option to reload object files
configure:5833: result: -r
configure:5907: checking for objdump
configure:5923: found /usr/bin/objdump
configure:5934: result: objdump
configure:5966: checking how to recognize dependent libraries
configure:6166: result: pass_all
configure:6251: checking for dlltool
configure:6281: result: no
configure:6311: checking how to associate runtime and link libraries
configure:6338: result: printf %s\n
configure:6399: checking for ar
configure:6415: found /usr/bin/ar
configure:6426: result: ar
configure:6463: checking for archiver @FILE support
configure:6480: g++ -c -std=c++03  conftest.cpp >&5
configure:6480: $? = 0
configure:6483: ar cru libconftest.a @conftest.lst >&5
ar: `u' modifier ignored since `D' is the default (see `U')
configure:6486: $? = 0
configure:6491: ar cru libconftest.a @conftest.lst >&5
ar: `u' modifier ignored since `D' is the default (see `U')
ar: conftest.o: No such file or directory
configure:6494: $? = 1
configure:6506: result: @
configure:6564: checking for strip
configure:6580: found /usr/bin/strip
configure:6591: result: strip
configure:6663: checking for ranlib
configure:6679: found /usr/bin/ranlib
configure:6690: result: ranlib
configure:6792: checking command to parse /usr/bin/nm -B output from gcc object
configure:6945: g++ -c -std=c++03  conftest.cpp >&5
configure:6948: $? = 0
configure:6952: /usr/bin/nm -B conftest.o \| sed -n -e 's/^.*[ ]\([ABCDGIRSTW][ABCDGIRSTW]*\)[ ][ ]*\([_A-Za-z][_A-Za-z0-9]*\)$/\1 \2 \2/p' | sed '/ __gnu_lto/d' \> conftest.nm
configure:6955: $? = 0
configure:7021: g++ -o conftest -std=c++03   conftest.cpp conftstm.o >&5
configure:7024: $? = 0
configure:7062: result: ok
configure:7109: checking for sysroot
configure:7139: result: no
configure:7146: checking for a working dd
configure:7184: result: /bin/dd
configure:7188: checking how to truncate binary pipes
configure:7203: result: /bin/dd bs=4096 count=1
configure:7340: g++ -c -std=c++03  conftest.cpp >&5
configure:7343: $? = 0
configure:7533: checking for mt
configure:7549: found /bin/mt
configure:7560: result: mt
configure:7583: checking if mt is a manifest tool
configure:7589: mt '-?'
configure:7597: result: no
configure:8270: checking for ANSI C header files
configure:8290: g++ -c -std=c++03  conftest.cpp >&5
configure:8290: $? = 0
./configure: line 8304: conftest.cpp: command not found
configure:8374: result: no
configure:8387: checking for sys/types.h
configure:8387: g++ -c -std=c++03  conftest.cpp >&5
configure:8387: $? = 0
configure:8387: result: yes
configure:8387: checking for sys/stat.h
configure:8387: g++ -c -std=c++03  conftest.cpp >&5
configure:8387: $? = 0
configure:8387: result: yes
configure:8387: checking for stdlib.h
configure:8387: g++ -c -std=c++03  conftest.cpp >&5
configure:8387: $? = 0
configure:8387: result: yes
configure:8387: checking for string.h
configure:8387: g++ -c -std=c++03  conftest.cpp >&5
configure:8387: $? = 0
configure:8387: result: yes
configure:8387: checking for memory.h
configure:8387: g++ -c -std=c++03  conftest.cpp >&5
configure:8387: $? = 0
configure:8387: result: yes
configure:8387: checking for strings.h
configure:8387: g++ -c -std=c++03  conftest.cpp >&5
configure:8387: $? = 0
configure:8387: result: yes
configure:8387: checking for inttypes.h
configure:8387: g++ -c -std=c++03  conftest.cpp >&5
configure:8387: $? = 0
configure:8387: result: yes
configure:8387: checking for stdint.h
configure:8387: g++ -c -std=c++03  conftest.cpp >&5
configure:8387: $? = 0
configure:8387: result: yes
configure:8387: checking for unistd.h
configure:8387: g++ -c -std=c++03  conftest.cpp >&5
configure:8387: $? = 0
configure:8387: result: yes
configure:8401: checking for dlfcn.h
configure:8401: g++ -c -std=c++03  conftest.cpp >&5
configure:8401: $? = 0
configure:8401: result: yes
configure:8637: checking for objdir
configure:8652: result: .libs
configure:8916: checking if gcc supports -fno-rtti -fno-exceptions
configure:8934: gcc -c -g -O2  -fno-rtti -fno-exceptions conftest.c >&5
cc1: warning: command line option '-fno-rtti' is valid for C++/ObjC++ but not for C
configure:8938: $? = 0
configure:8951: result: no
configure:9309: checking for gcc option to produce PIC
configure:9316: result: -fPIC -DPIC
configure:9324: checking if gcc PIC flag -fPIC -DPIC works
configure:9342: gcc -c -g -O2  -fPIC -DPIC -DPIC conftest.c >&5
configure:9346: $? = 0
configure:9359: result: yes
configure:9388: checking if gcc static flag -static works
configure:9416: result: yes
configure:9431: checking if gcc supports -c -o file.o
configure:9452: gcc -c -g -O2  -o out/conftest2.o conftest.c >&5
configure:9456: $? = 0
configure:9478: result: yes
configure:9486: checking if gcc supports -c -o file.o
configure:9533: result: yes
configure:9566: checking whether the gcc linker (/usr/bin/ld -m elf_x86_64) supports shared libraries
configure:10829: result: yes
configure:10866: checking whether -lc should be explicitly linked in
configure:10874: gcc -c -g -O2  conftest.c >&5
configure:10877: $? = 0
configure:10892: gcc -shared  -fPIC -DPIC conftest.o  -v -Wl,-soname -Wl,conftest -o conftest 2\>\&1 \| /bin/grep  -lc  \>/dev/null 2\>\&1
configure:10895: $? = 0
configure:10909: result: no
configure:11069: checking dynamic linker characteristics
configure:11650: gcc -o conftest -g -O2   -Wl,-rpath -Wl,/foo conftest.c  >&5
configure:11650: $? = 0
configure:11899: result: GNU/Linux ld.so
configure:12021: checking how to hardcode library paths into programs
configure:12046: result: immediate
configure:12594: checking whether stripping libraries is possible
configure:12599: result: yes
configure:12634: checking if libtool supports shared libraries
configure:12636: result: yes
configure:12639: checking whether to build shared libraries
configure:12664: result: yes
configure:12667: checking whether to build static libraries
configure:12671: result: no
configure:12694: checking how to run the C++ preprocessor
configure:12721: g++ -E  conftest.cpp
configure:12721: $? = 0
configure:12735: g++ -E  conftest.cpp
conftest.cpp:22:28: fatal error: ac_nonexistent.h: No such file or directory
 #include <ac_nonexistent.h>
                            ^
compilation terminated.
configure:12735: $? = 1
configure: failed program was:
| /* confdefs.h */
| #define PACKAGE_NAME "fedit2"
| #define PACKAGE_TARNAME "fedit2"
| #define PACKAGE_VERSION "0.0.1"
| #define PACKAGE_STRING "fedit2 0.0.1"
| #define PACKAGE_BUGREPORT "akky@users.sourceforge.jp"
| #define PACKAGE_URL ""
| #define PACKAGE "fedit2"
| #define VERSION "0.0.1"
| #define HAVE_SYS_TYPES_H 1
| #define HAVE_SYS_STAT_H 1
| #define HAVE_STDLIB_H 1
| #define HAVE_STRING_H 1
| #define HAVE_MEMORY_H 1
| #define HAVE_STRINGS_H 1
| #define HAVE_INTTYPES_H 1
| #define HAVE_STDINT_H 1
| #define HAVE_UNISTD_H 1
| #define HAVE_DLFCN_H 1
| #define LT_OBJDIR ".libs/"
| /* end confdefs.h.  */
| #include <ac_nonexistent.h>
configure:12760: result: g++ -E
configure:12780: g++ -E  conftest.cpp
configure:12780: $? = 0
configure:12794: g++ -E  conftest.cpp
conftest.cpp:22:28: fatal error: ac_nonexistent.h: No such file or directory
 #include <ac_nonexistent.h>
                            ^
compilation terminated.
configure:12794: $? = 1
configure: failed program was:
| /* confdefs.h */
| #define PACKAGE_NAME "fedit2"
| #define PACKAGE_TARNAME "fedit2"
| #define PACKAGE_VERSION "0.0.1"
| #define PACKAGE_STRING "fedit2 0.0.1"
| #define PACKAGE_BUGREPORT "akky@users.sourceforge.jp"
| #define PACKAGE_URL ""
| #define PACKAGE "fedit2"
| #define VERSION "0.0.1"
| #define HAVE_SYS_TYPES_H 1
| #define HAVE_SYS_STAT_H 1
| #define HAVE_STDLIB_H 1
| #define HAVE_STRING_H 1
| #define HAVE_MEMORY_H 1
| #define HAVE_STRINGS_H 1
| #define HAVE_INTTYPES_H 1
| #define HAVE_STDINT_H 1
| #define HAVE_UNISTD_H 1
| #define HAVE_DLFCN_H 1
| #define LT_OBJDIR ".libs/"
| /* end confdefs.h.  */
| #include <ac_nonexistent.h>
configure:12956: checking for ld used by g++
configure:13023: result: /usr/bin/ld -m elf_x86_64
configure:13030: checking if the linker (/usr/bin/ld -m elf_x86_64) is GNU ld
configure:13045: result: yes
configure:13100: checking whether the g++ linker (/usr/bin/ld -m elf_x86_64) supports shared libraries
configure:14173: result: yes
configure:14209: g++ -c -std=c++03  conftest.cpp >&5
configure:14212: $? = 0
configure:14693: checking for g++ option to produce PIC
configure:14700: result: -fPIC -DPIC
configure:14708: checking if g++ PIC flag -fPIC -DPIC works
configure:14726: g++ -c -std=c++03  -fPIC -DPIC -DPIC conftest.cpp >&5
configure:14730: $? = 0
configure:14743: result: yes
configure:14766: checking if g++ static flag -static works
configure:14794: result: yes
configure:14806: checking if g++ supports -c -o file.o
configure:14827: g++ -c -std=c++03  -o out/conftest2.o conftest.cpp >&5
configure:14831: $? = 0
configure:14853: result: yes
configure:14858: checking if g++ supports -c -o file.o
configure:14905: result: yes
configure:14935: checking whether the g++ linker (/usr/bin/ld -m elf_x86_64) supports shared libraries
configure:14978: result: yes
configure:15119: checking dynamic linker characteristics
configure:15876: result: GNU/Linux ld.so
configure:15941: checking how to hardcode library paths into programs
configure:15966: result: immediate
configure:16080: checking for boostlib >= 1.32.0
configure:16140: g++ -c -std=c++03  -I/usr/include conftest.cpp >&5
configure:16140: $? = 0
configure:16142: result: yes
configure:16288: enabled Qt4
configure:16359: checking for pkg-config
configure:16377: found /usr/bin/pkg-config
configure:16389: result: /usr/bin/pkg-config
configure:16414: checking pkg-config is at least version 0.9.0
configure:16417: result: yes
configure:16431: set QT4_REQUIRED_VERSION... 4.3.0
configure:16433: set QT4_REQUIRED_MODULES... QtCore QtGui QtNetwork
configure:16442: checking for pkg-config
configure:16473: result: /usr/bin/pkg-config
configure:16486: check QtCore >= 4.3.0
configure:16490: checking for Qt4
configure:16497: $PKG_CONFIG --exists --print-errors "$mod >= $QT4_REQUIRED_VERSION"
configure:16500: $? = 0
configure:16514: $PKG_CONFIG --exists --print-errors "$mod >= $QT4_REQUIRED_VERSION"
configure:16517: $? = 0
configure:16555: result: yes
configure:16486: check QtGui >= 4.3.0
configure:16490: checking for Qt4
configure:16555: result: yes
configure:16486: check QtNetwork >= 4.3.0
configure:16490: checking for Qt4
configure:16555: result: yes
configure:16569: set QT4_CXXFLAGS... -DQT_SHARED -I/usr/include/qt4 -I/usr/include/qt4/QtGui -I/usr/include/qt4 -I/usr/include/qt4/QtNetwork -I/usr/include/qt4 -I/usr/include/qt4/QtCore
configure:16571: set QT4_LDFLAGS... -L/usr/X11R6/lib64
configure:16573: set QT4_LDADD... -pthread -lQtGui -lQtCore -lfontconfig -lpthread -laudio -lXt -lgthread-2.0 -lglib-2.0 -lpng -lz -lfreetype -lgobject-2.0 -lglib-2.0 -lSM -lICE -lXrender -lfontconfig -lfreetype -lXext -lX11 -lm -lQtNetwork -lQtCore -lfontconfig -lpthread -lz -lQtCore -lfontconfig -lpthread -lz -lm -ldl -lgthread-2.0 -lglib-2.0 -lrt
configure:16612: set QT4_MOC... /usr/share/qt4/bin/moc
configure:16649: checking for cos in -lm
configure:16674: g++ -o conftest -std=c++03  -I/usr/include  -L/usr/lib64 conftest.cpp -lm   >&5
configure:16674: $? = 0
configure:16683: result: yes
configure:16691: checking for main in -lrcsc_geom
configure:16710: g++ -o conftest -std=c++03  -I/usr/include  -L/usr/lib64 conftest.cpp -lrcsc_geom  -lm  >&5
configure:16710: $? = 0
configure:16719: result: yes
configure:16727: checking for main in -lrcsc_rcg
configure:16746: g++ -o conftest -std=c++03  -I/usr/include  -L/usr/lib64 conftest.cpp -lrcsc_rcg  -lrcsc_geom -lm  >&5
configure:16746: $? = 0
configure:16755: result: yes
configure:16763: checking for main in -lrcsc_gz
configure:16782: g++ -o conftest -std=c++03  -I/usr/include  -L/usr/lib64 conftest.cpp -lrcsc_gz  -lrcsc_rcg -lrcsc_geom -lm  >&5
configure:16782: $? = 0
configure:16791: result: yes
configure:16802: checking for main in -lrcsc_param
configure:16821: g++ -o conftest -std=c++03  -I/usr/include  -L/usr/lib64 conftest.cpp -lrcsc_param  -lrcsc_gz -lrcsc_rcg -lrcsc_geom -lm  >&5
configure:16821: $? = 0
configure:16830: result: yes
configure:16838: checking for main in -lrcsc_net
configure:16857: g++ -o conftest -std=c++03  -I/usr/include  -L/usr/lib64 conftest.cpp -lrcsc_net  -lrcsc_param -lrcsc_gz -lrcsc_rcg -lrcsc_geom -lm  >&5
configure:16857: $? = 0
configure:16866: result: yes
configure:16874: checking for main in -lrcsc_time
configure:16893: g++ -o conftest -std=c++03  -I/usr/include  -L/usr/lib64 conftest.cpp -lrcsc_time  -lrcsc_net -lrcsc_param -lrcsc_gz -lrcsc_rcg -lrcsc_geom -lm  >&5
configure:16893: $? = 0
configure:16902: result: yes
configure:16910: checking for main in -lrcsc_ann
configure:16929: g++ -o conftest -std=c++03  -I/usr/include  -L/usr/lib64 conftest.cpp -lrcsc_ann  -lrcsc_time -lrcsc_net -lrcsc_param -lrcsc_gz -lrcsc_rcg -lrcsc_geom -lm  >&5
configure:16929: $? = 0
configure:16938: result: yes
configure:16946: checking for main in -lrcsc_agent
configure:16965: g++ -o conftest -std=c++03  -I/usr/include  -L/usr/lib64 conftest.cpp -lrcsc_agent  -lrcsc_ann -lrcsc_time -lrcsc_net -lrcsc_param -lrcsc_gz -lrcsc_rcg -lrcsc_geom -lm  >&5
configure:16965: $? = 0
configure:16974: result: yes
configure:16987: checking for stdbool.h that conforms to C99
configure:17054: g++ -c -std=c++03  -I/usr/include conftest.cpp >&5
configure:17054: $? = 0
configure:17061: result: yes
configure:17063: checking for _Bool
configure:17063: g++ -c -std=c++03  -I/usr/include conftest.cpp >&5
conftest.cpp: In function 'int main()':
conftest.cpp:60:13: error: '_Bool' was not declared in this scope
 if (sizeof (_Bool))
             ^~~~~
configure:17063: $? = 1
configure: failed program was:
| /* confdefs.h */
| #define PACKAGE_NAME "fedit2"
| #define PACKAGE_TARNAME "fedit2"
| #define PACKAGE_VERSION "0.0.1"
| #define PACKAGE_STRING "fedit2 0.0.1"
| #define PACKAGE_BUGREPORT "akky@users.sourceforge.jp"
| #define PACKAGE_URL ""
| #define PACKAGE "fedit2"
| #define VERSION "0.0.1"
| #define HAVE_SYS_TYPES_H 1
| #define HAVE_SYS_STAT_H 1
| #define HAVE_STDLIB_H 1
| #define HAVE_STRING_H 1
| #define HAVE_MEMORY_H 1
| #define HAVE_STRINGS_H 1
| #define HAVE_INTTYPES_H 1
| #define HAVE_STDINT_H 1
| #define HAVE_UNISTD_H 1
| #define HAVE_DLFCN_H 1
| #define LT_OBJDIR ".libs/"
| #define HAVE_BOOST /**/
| #define HAVE_LIBRCSC_GZ 1
| /* end confdefs.h.  */
| #include <stdio.h>
| #ifdef HAVE_SYS_TYPES_H
| # include <sys/types.h>
| #endif
| #ifdef HAVE_SYS_STAT_H
| # include <sys/stat.h>
| #endif
| #ifdef STDC_HEADERS
| # include <stdlib.h>
| # include <stddef.h>
| #else
| # ifdef HAVE_STDLIB_H
| #  include <stdlib.h>
| # endif
| #endif
| #ifdef HAVE_STRING_H
| # if !defined STDC_HEADERS && defined HAVE_MEMORY_H
| #  include <memory.h>
| # endif
| # include <string.h>
| #endif
| #ifdef HAVE_STRINGS_H
| # include <strings.h>
| #endif
| #ifdef HAVE_INTTYPES_H
| # include <inttypes.h>
| #endif
| #ifdef HAVE_STDINT_H
| # include <stdint.h>
| #endif
| #ifdef HAVE_UNISTD_H
| # include <unistd.h>
| #endif
| int
| main ()
| {
| if (sizeof (_Bool))
| 	 return 0;
|   ;
|   return 0;
| }
configure:17063: result: no
configure:17080: checking for an ANSI C-conforming const
configure:17146: g++ -c -std=c++03  -I/usr/include conftest.cpp >&5
configure:17146: $? = 0
configure:17153: result: yes
configure:17161: checking for inline
configure:17177: g++ -c -std=c++03  -I/usr/include conftest.cpp >&5
configure:17177: $? = 0
configure:17185: result: inline
configure:17203: checking for size_t
configure:17203: g++ -c -std=c++03  -I/usr/include conftest.cpp >&5
configure:17203: $? = 0
configure:17203: g++ -c -std=c++03  -I/usr/include conftest.cpp >&5
conftest.cpp: In function 'int main()':
conftest.cpp:61:20: error: expected primary-expression before ')' token
 if (sizeof ((size_t)))
                    ^
configure:17203: $? = 1
configure: failed program was:
| /* confdefs.h */
| #define PACKAGE_NAME "fedit2"
| #define PACKAGE_TARNAME "fedit2"
| #define PACKAGE_VERSION "0.0.1"
| #define PACKAGE_STRING "fedit2 0.0.1"
| #define PACKAGE_BUGREPORT "akky@users.sourceforge.jp"
| #define PACKAGE_URL ""
| #define PACKAGE "fedit2"
| #define VERSION "0.0.1"
| #define HAVE_SYS_TYPES_H 1
| #define HAVE_SYS_STAT_H 1
| #define HAVE_STDLIB_H 1
| #define HAVE_STRING_H 1
| #define HAVE_MEMORY_H 1
| #define HAVE_STRINGS_H 1
| #define HAVE_INTTYPES_H 1
| #define HAVE_STDINT_H 1
| #define HAVE_UNISTD_H 1
| #define HAVE_DLFCN_H 1
| #define LT_OBJDIR ".libs/"
| #define HAVE_BOOST /**/
| #define HAVE_LIBRCSC_GZ 1
| #define HAVE_STDBOOL_H 1
| /* end confdefs.h.  */
| #include <stdio.h>
| #ifdef HAVE_SYS_TYPES_H
| # include <sys/types.h>
| #endif
| #ifdef HAVE_SYS_STAT_H
| # include <sys/stat.h>
| #endif
| #ifdef STDC_HEADERS
| # include <stdlib.h>
| # include <stddef.h>
| #else
| # ifdef HAVE_STDLIB_H
| #  include <stdlib.h>
| # endif
| #endif
| #ifdef HAVE_STRING_H
| # if !defined STDC_HEADERS && defined HAVE_MEMORY_H
| #  include <memory.h>
| # endif
| # include <string.h>
| #endif
| #ifdef HAVE_STRINGS_H
| # include <strings.h>
| #endif
| #ifdef HAVE_INTTYPES_H
| # include <inttypes.h>
| #endif
| #ifdef HAVE_STDINT_H
| # include <stdint.h>
| #endif
| #ifdef HAVE_UNISTD_H
| # include <unistd.h>
| #endif
| int
| main ()
| {
| if (sizeof ((size_t)))
| 	    return 0;
|   ;
|   return 0;
| }
configure:17203: result: yes
configure:17214: checking for uint32_t
configure:17214: g++ -c -std=c++03  -I/usr/include conftest.cpp >&5
configure:17214: $? = 0
configure:17214: result: yes
configure:17228: checking for ptrdiff_t
configure:17228: g++ -c -std=c++03  -I/usr/include conftest.cpp >&5
conftest.cpp: In function 'int main()':
conftest.cpp:61:13: error: 'ptrdiff_t' was not declared in this scope
 if (sizeof (ptrdiff_t))
             ^~~~~~~~~
conftest.cpp:61:13: note: suggested alternative:
In file included from /usr/include/c++/6/cstdlib:41:0,
                 from /usr/include/c++/6/stdlib.h:36,
                 from conftest.cpp:37:
/usr/include/x86_64-linux-gnu/c++/6/bits/c++config.h:202:28: note:   'std::ptrdiff_t'
   typedef __PTRDIFF_TYPE__ ptrdiff_t;
                            ^~~~~~~~~
configure:17228: $? = 1
configure: failed program was:
| /* confdefs.h */
| #define PACKAGE_NAME "fedit2"
| #define PACKAGE_TARNAME "fedit2"
| #define PACKAGE_VERSION "0.0.1"
| #define PACKAGE_STRING "fedit2 0.0.1"
| #define PACKAGE_BUGREPORT "akky@users.sourceforge.jp"
| #define PACKAGE_URL ""
| #define PACKAGE "fedit2"
| #define VERSION "0.0.1"
| #define HAVE_SYS_TYPES_H 1
| #define HAVE_SYS_STAT_H 1
| #define HAVE_STDLIB_H 1
| #define HAVE_STRING_H 1
| #define HAVE_MEMORY_H 1
| #define HAVE_STRINGS_H 1
| #define HAVE_INTTYPES_H 1
| #define HAVE_STDINT_H 1
| #define HAVE_UNISTD_H 1
| #define HAVE_DLFCN_H 1
| #define LT_OBJDIR ".libs/"
| #define HAVE_BOOST /**/
| #define HAVE_LIBRCSC_GZ 1
| #define HAVE_STDBOOL_H 1
| /* end confdefs.h.  */
| #include <stdio.h>
| #ifdef HAVE_SYS_TYPES_H
| # include <sys/types.h>
| #endif
| #ifdef HAVE_SYS_STAT_H
| # include <sys/stat.h>
| #endif
| #ifdef STDC_HEADERS
| # include <stdlib.h>
| # include <stddef.h>
| #else
| # ifdef HAVE_STDLIB_H
| #  include <stdlib.h>
| # endif
| #endif
| #ifdef HAVE_STRING_H
| # if !defined STDC_HEADERS && defined HAVE_MEMORY_H
| #  include <memory.h>
| # endif
| # include <string.h>
| #endif
| #ifdef HAVE_STRINGS_H
| # include <strings.h>
| #endif
| #ifdef HAVE_INTTYPES_H
| # include <inttypes.h>
| #endif
| #ifdef HAVE_STDINT_H
| # include <stdint.h>
| #endif
| #ifdef HAVE_UNISTD_H
| # include <unistd.h>
| #endif
| int
| main ()
| {
| if (sizeof (ptrdiff_t))
| 	 return 0;
|   ;
|   return 0;
| }
configure:17228: result: no
configure:17241: checking for ANSI C header files
configure:17345: result: no
configure:17356: checking for sqrt
configure:17356: g++ -o conftest -std=c++03  -I/usr/include  -L/usr/lib64 conftest.cpp -lrcsc_agent -lrcsc_ann -lrcsc_time -lrcsc_net -lrcsc_param -lrcsc_gz -lrcsc_rcg -lrcsc_geom -lm  >&5
configure:17356: $? = 0
configure:17356: result: yes
configure:17356: checking for rint
configure:17356: g++ -o conftest -std=c++03  -I/usr/include  -L/usr/lib64 conftest.cpp -lrcsc_agent -lrcsc_ann -lrcsc_time -lrcsc_net -lrcsc_param -lrcsc_gz -lrcsc_rcg -lrcsc_geom -lm  >&5
configure:17356: $? = 0
configure:17356: result: yes
configure:17478: checking that generated files are newer than configure
configure:17484: result: done
configure:17511: creating ./config.status

## ---------------------- ##
## Running config.status. ##
## ---------------------- ##

This file was extended by fedit2 config.status 0.0.1, which was
generated by GNU Autoconf 2.69.  Invocation command line was

  CONFIG_FILES    = 
  CONFIG_HEADERS  = 
  CONFIG_LINKS    = 
  CONFIG_COMMANDS = 
  $ ./config.status 

on deepin

config.status:1170: creating Makefile
config.status:1170: creating src/Makefile
config.status:1170: creating tool/Makefile
config.status:1170: creating config.h
config.status:1399: executing depfiles commands
config.status:1399: executing libtool commands

## ---------------- ##
## Cache variables. ##
## ---------------- ##

ac_cv_build=x86_64-pc-linux-gnu
ac_cv_c_compiler_gnu=yes
ac_cv_c_const=yes
ac_cv_c_inline=inline
ac_cv_c_uint32_t=yes
ac_cv_cxx_compiler_gnu=yes
ac_cv_env_CCC_set=
ac_cv_env_CCC_value=
ac_cv_env_CC_set=
ac_cv_env_CC_value=
ac_cv_env_CFLAGS_set=
ac_cv_env_CFLAGS_value=
ac_cv_env_CPPFLAGS_set=
ac_cv_env_CPPFLAGS_value=
ac_cv_env_CPP_set=
ac_cv_env_CPP_value=
ac_cv_env_CXXCPP_set=
ac_cv_env_CXXCPP_value=
ac_cv_env_CXXFLAGS_set=set
ac_cv_env_CXXFLAGS_value=-std=c++03
ac_cv_env_CXX_set=
ac_cv_env_CXX_value=
ac_cv_env_LDFLAGS_set=
ac_cv_env_LDFLAGS_value=
ac_cv_env_LIBS_set=
ac_cv_env_LIBS_value=
ac_cv_env_LT_SYS_LIBRARY_PATH_set=
ac_cv_env_LT_SYS_LIBRARY_PATH_value=
ac_cv_env_PKG_CONFIG_LIBDIR_set=
ac_cv_env_PKG_CONFIG_LIBDIR_value=
ac_cv_env_PKG_CONFIG_PATH_set=
ac_cv_env_PKG_CONFIG_PATH_value=
ac_cv_env_PKG_CONFIG_set=
ac_cv_env_PKG_CONFIG_value=
ac_cv_env_Qt4_CFLAGS_set=
ac_cv_env_Qt4_CFLAGS_value=
ac_cv_env_Qt4_LIBS_set=
ac_cv_env_Qt4_LIBS_value=
ac_cv_env_build_alias_set=
ac_cv_env_build_alias_value=
ac_cv_env_host_alias_set=
ac_cv_env_host_alias_value=
ac_cv_env_target_alias_set=
ac_cv_env_target_alias_value=
ac_cv_func_rint=yes
ac_cv_func_sqrt=yes
ac_cv_header_dlfcn_h=yes
ac_cv_header_inttypes_h=yes
ac_cv_header_memory_h=yes
ac_cv_header_stdbool_h=yes
ac_cv_header_stdc=no
ac_cv_header_stdint_h=yes
ac_cv_header_stdlib_h=yes
ac_cv_header_string_h=yes
ac_cv_header_strings_h=yes
ac_cv_header_sys_stat_h=yes
ac_cv_header_sys_types_h=yes
ac_cv_header_unistd_h=yes
ac_cv_host=x86_64-pc-linux-gnu
ac_cv_lib_m_cos=yes
ac_cv_lib_rcsc_agent_main=yes
ac_cv_lib_rcsc_ann_main=yes
ac_cv_lib_rcsc_geom_main=yes
ac_cv_lib_rcsc_gz_main=yes
ac_cv_lib_rcsc_net_main=yes
ac_cv_lib_rcsc_param_main=yes
ac_cv_lib_rcsc_rcg_main=yes
ac_cv_lib_rcsc_time_main=yes
ac_cv_objext=o
ac_cv_path_EGREP='/bin/grep -E'
ac_cv_path_FGREP='/bin/grep -F'
ac_cv_path_GREP=/bin/grep
ac_cv_path_PKG_CONFIG=/usr/bin/pkg-config
ac_cv_path_SED=/bin/sed
ac_cv_path_ac_pt_PKG_CONFIG=/usr/bin/pkg-config
ac_cv_path_install='/usr/bin/install -c'
ac_cv_path_lt_DD=/bin/dd
ac_cv_path_mkdir=/bin/mkdir
ac_cv_prog_AWK=gawk
ac_cv_prog_CPP='gcc -E'
ac_cv_prog_CXXCPP='g++ -E'
ac_cv_prog_ac_ct_AR=ar
ac_cv_prog_ac_ct_CC=gcc
ac_cv_prog_ac_ct_CXX=g++
ac_cv_prog_ac_ct_MANIFEST_TOOL=mt
ac_cv_prog_ac_ct_OBJDUMP=objdump
ac_cv_prog_ac_ct_RANLIB=ranlib
ac_cv_prog_ac_ct_STRIP=strip
ac_cv_prog_cc_c89=
ac_cv_prog_cc_g=yes
ac_cv_prog_cxx_g=yes
ac_cv_prog_make_make_set=yes
ac_cv_type__Bool=no
ac_cv_type_ptrdiff_t=no
ac_cv_type_size_t=yes
am_cv_CC_dependencies_compiler_type=gcc3
am_cv_CXX_dependencies_compiler_type=gcc3
am_cv_make_support_nested_variables=yes
am_cv_prog_cc_c_o=yes
lt_cv_ar_at_file=@
lt_cv_archive_cmds_need_lc=no
lt_cv_deplibs_check_method=pass_all
lt_cv_file_magic_cmd='$MAGIC_CMD'
lt_cv_file_magic_test_file=
lt_cv_ld_reload_flag=-r
lt_cv_nm_interface='BSD nm'
lt_cv_objdir=.libs
lt_cv_path_LD=/usr/bin/ld
lt_cv_path_LDCXX='/usr/bin/ld -m elf_x86_64'
lt_cv_path_NM='/usr/bin/nm -B'
lt_cv_path_mainfest_tool=no
lt_cv_prog_compiler_c_o=yes
lt_cv_prog_compiler_c_o_CXX=yes
lt_cv_prog_compiler_pic='-fPIC -DPIC'
lt_cv_prog_compiler_pic_CXX='-fPIC -DPIC'
lt_cv_prog_compiler_pic_works=yes
lt_cv_prog_compiler_pic_works_CXX=yes
lt_cv_prog_compiler_rtti_exceptions=no
lt_cv_prog_compiler_static_works=yes
lt_cv_prog_compiler_static_works_CXX=yes
lt_cv_prog_gnu_ld=yes
lt_cv_prog_gnu_ldcxx=yes
lt_cv_sharedlib_from_linklib_cmd='printf %s\n'
lt_cv_shlibpath_overrides_runpath=yes
lt_cv_sys_global_symbol_pipe='sed -n -e '\''s/^.*[	 ]\([ABCDGIRSTW][ABCDGIRSTW]*\)[	 ][	 ]*\([_A-Za-z][_A-Za-z0-9]*\)$/\1 \2 \2/p'\'' | sed '\''/ __gnu_lto/d'\'''
lt_cv_sys_global_symbol_to_c_name_address='sed -n -e '\''s/^: \(.*\) .*$/  {"\1", (void *) 0},/p'\'' -e '\''s/^[ABCDGIRSTW][ABCDGIRSTW]* .* \(.*\)$/  {"\1", (void *) \&\1},/p'\'''
lt_cv_sys_global_symbol_to_c_name_address_lib_prefix='sed -n -e '\''s/^: \(.*\) .*$/  {"\1", (void *) 0},/p'\'' -e '\''s/^[ABCDGIRSTW][ABCDGIRSTW]* .* \(lib.*\)$/  {"\1", (void *) \&\1},/p'\'' -e '\''s/^[ABCDGIRSTW][ABCDGIRSTW]* .* \(.*\)$/  {"lib\1", (void *) \&\1},/p'\'''
lt_cv_sys_global_symbol_to_cdecl='sed -n -e '\''s/^T .* \(.*\)$/extern int \1();/p'\'' -e '\''s/^[ABCDGIRSTW][ABCDGIRSTW]* .* \(.*\)$/extern char \1;/p'\'''
lt_cv_sys_global_symbol_to_import=
lt_cv_sys_max_cmd_len=1572864
lt_cv_to_host_file_cmd=func_convert_file_noop
lt_cv_to_tool_file_cmd=func_convert_file_noop
lt_cv_truncate_bin='/bin/dd bs=4096 count=1'
pkg_cv_Qt4_CFLAGS='-DQT_SHARED -I/usr/include/qt4 -I/usr/include/qt4/QtCore'
pkg_cv_Qt4_LIBS=-lQtCore

## ----------------- ##
## Output variables. ##
## ----------------- ##

ACLOCAL='${SHELL} /home/d/Downloads/2d_software_package/fedit2-0.0.1/missing aclocal-1.15'
AMDEPBACKSLASH='\'
AMDEP_FALSE='#'
AMDEP_TRUE=''
AMTAR='$${TAR-tar}'
AM_BACKSLASH='\'
AM_DEFAULT_V='$(AM_DEFAULT_VERBOSITY)'
AM_DEFAULT_VERBOSITY='1'
AM_V='$(V)'
AR='ar'
AUTOCONF='${SHELL} /home/d/Downloads/2d_software_package/fedit2-0.0.1/missing autoconf'
AUTOHEADER='${SHELL} /home/d/Downloads/2d_software_package/fedit2-0.0.1/missing autoheader'
AUTOMAKE='${SHELL} /home/d/Downloads/2d_software_package/fedit2-0.0.1/missing automake-1.15'
AWK='gawk'
BOOST_CPPFLAGS='-I/usr/include'
BOOST_LDFLAGS='-L/usr/lib64'
CC='gcc'
CCDEPMODE='depmode=gcc3'
CFLAGS='-g -O2'
CPP='gcc -E'
CPPFLAGS=' -I/usr/include'
CXX='g++'
CXXCPP='g++ -E'
CXXDEPMODE='depmode=gcc3'
CXXFLAGS='-std=c++03'
CYGPATH_W='echo'
DEFS='-DHAVE_CONFIG_H'
DEPDIR='.deps'
DLLTOOL='false'
DSYMUTIL=''
DUMPBIN=''
ECHO_C=''
ECHO_N='-n'
ECHO_T=''
EGREP='/bin/grep -E'
EXEEXT=''
FGREP='/bin/grep -F'
GREP='/bin/grep'
INSTALL_DATA='${INSTALL} -m 644'
INSTALL_PROGRAM='${INSTALL}'
INSTALL_SCRIPT='${INSTALL}'
INSTALL_STRIP_PROGRAM='$(install_sh) -c -s'
LD='/usr/bin/ld -m elf_x86_64'
LDFLAGS=' -L/usr/lib64'
LIBOBJS=''
LIBRCSCLIB='/usr/local/lib'
LIBS='-lrcsc_agent -lrcsc_ann -lrcsc_time -lrcsc_net -lrcsc_param -lrcsc_gz -lrcsc_rcg -lrcsc_geom -lm '
LIBTOOL='$(SHELL) $(top_builddir)/libtool'
LIBTOOL_DEPS='./ltmain.sh'
LIPO=''
LN_S='ln -s'
LTLIBOBJS=''
LT_SYS_LIBRARY_PATH=''
MAKEINFO='${SHELL} /home/d/Downloads/2d_software_package/fedit2-0.0.1/missing makeinfo'
MANIFEST_TOOL=':'
MKDIR_P='/bin/mkdir -p'
NM='/usr/bin/nm -B'
NMEDIT=''
OBJDUMP='objdump'
OBJEXT='o'
OTOOL64=''
OTOOL=''
PACKAGE='fedit2'
PACKAGE_BUGREPORT='akky@users.sourceforge.jp'
PACKAGE_NAME='fedit2'
PACKAGE_STRING='fedit2 0.0.1'
PACKAGE_TARNAME='fedit2'
PACKAGE_URL=''
PACKAGE_VERSION='0.0.1'
PATH_SEPARATOR=':'
PKG_CONFIG='/usr/bin/pkg-config'
PKG_CONFIG_LIBDIR=''
PKG_CONFIG_PATH=''
QT4_CFLAGS='-DQT_SHARED -I/usr/include/qt4 -I/usr/include/qt4/QtGui -I/usr/include/qt4 -I/usr/include/qt4/QtNetwork -I/usr/include/qt4 -I/usr/include/qt4/QtCore'
QT4_CPPFLAGS=''
QT4_CXXFLAGS='-DQT_SHARED -I/usr/include/qt4 -I/usr/include/qt4/QtGui -I/usr/include/qt4 -I/usr/include/qt4/QtNetwork -I/usr/include/qt4 -I/usr/include/qt4/QtCore'
QT4_LDADD='-pthread -lQtGui -lQtCore -lfontconfig -lpthread -laudio -lXt -lgthread-2.0 -lglib-2.0 -lpng -lz -lfreetype -lgobject-2.0 -lglib-2.0 -lSM -lICE -lXrender -lfontconfig -lfreetype -lXext -lX11 -lm -lQtNetwork -lQtCore -lfontconfig -lpthread -lz -lQtCore -lfontconfig -lpthread -lz -lm -ldl -lgthread-2.0 -lglib-2.0 -lrt'
QT4_LDFLAGS='-L/usr/X11R6/lib64'
QT4_MOC='/usr/share/qt4/bin/moc'
Qt4_CFLAGS='-DQT_SHARED -I/usr/include/qt4 -I/usr/include/qt4/QtCore'
Qt4_LIBS='-lQtCore'
RANLIB='ranlib'
SED='/bin/sed'
SET_MAKE=''
SHELL='/bin/bash'
STRIP='strip'
VERSION='0.0.1'
ac_ct_AR='ar'
ac_ct_CC='gcc'
ac_ct_CXX='g++'
ac_ct_DUMPBIN=''
am__EXEEXT_FALSE=''
am__EXEEXT_TRUE='#'
am__fastdepCC_FALSE='#'
am__fastdepCC_TRUE=''
am__fastdepCXX_FALSE='#'
am__fastdepCXX_TRUE=''
am__include='include'
am__isrc=''
am__leading_dot='.'
am__nodep='_no'
am__quote=''
am__tar='$${TAR-tar} chof - "$$tardir"'
am__untar='$${TAR-tar} xf -'
bindir='${exec_prefix}/bin'
build='x86_64-pc-linux-gnu'
build_alias=''
build_cpu='x86_64'
build_os='linux-gnu'
build_vendor='pc'
datadir='${datarootdir}'
datarootdir='${prefix}/share'
docdir='${datarootdir}/doc/${PACKAGE_TARNAME}'
dvidir='${docdir}'
exec_prefix='${prefix}'
host='x86_64-pc-linux-gnu'
host_alias=''
host_cpu='x86_64'
host_os='linux-gnu'
host_vendor='pc'
htmldir='${docdir}'
includedir='${prefix}/include'
infodir='${datarootdir}/info'
install_sh='${SHELL} /home/d/Downloads/2d_software_package/fedit2-0.0.1/install-sh'
libdir='${exec_prefix}/lib'
libexecdir='${exec_prefix}/libexec'
localedir='${datarootdir}/locale'
localstatedir='${prefix}/var'
mandir='${datarootdir}/man'
mkdir_p='$(MKDIR_P)'
oldincludedir='/usr/include'
pdfdir='${docdir}'
prefix='/usr/local'
program_transform_name='s,x,x,'
psdir='${docdir}'
runstatedir='${localstatedir}/run'
sbindir='${exec_prefix}/sbin'
sharedstatedir='${prefix}/com'
sysconfdir='${prefix}/etc'
target_alias=''

## ----------- ##
## confdefs.h. ##
## ----------- ##

/* confdefs.h */
#define PACKAGE_NAME "fedit2"
#define PACKAGE_TARNAME "fedit2"
#define PACKAGE_VERSION "0.0.1"
#define PACKAGE_STRING "fedit2 0.0.1"
#define PACKAGE_BUGREPORT "akky@users.sourceforge.jp"
#define PACKAGE_URL ""
#define PACKAGE "fedit2"
#define VERSION "0.0.1"
#define HAVE_SYS_TYPES_H 1
#define HAVE_SYS_STAT_H 1
#define HAVE_STDLIB_H 1
#define HAVE_STRING_H 1
#define HAVE_MEMORY_H 1
#define HAVE_STRINGS_H 1
#define HAVE_INTTYPES_H 1
#define HAVE_STDINT_H 1
#define HAVE_UNISTD_H 1
#define HAVE_DLFCN_H 1
#define LT_OBJDIR ".libs/"
#define HAVE_BOOST /**/
#define HAVE_LIBRCSC_GZ 1
#define HAVE_STDBOOL_H 1
#define HAVE_SQRT 1
#define HAVE_RINT 1

configure: exit 0
